<?xml version="1.0" encoding="UTF-8"?>
<!-- Generated by org.testng.reporters.JUnitXMLReporter -->
<testsuite ignored="0" hostname="Rushit-Patel" failures="0" tests="3" name="Submit Order Test" time="28.921" errors="0" timestamp="2024-04-11T16:20:36 MDT">
  <testcase classname="LearningNewSkills.Tests.SubmitOrderTest" name="SubmitOrder" time="4.555"/>
  <testcase classname="LearningNewSkills.Tests.SubmitOrderTest" name="SubmitOrder" time="4.509"/>
  <testcase classname="LearningNewSkills.Tests.SubmitOrderTest" name="OrderHistoryTest" time="1.412"/>
</testsuite> <!-- Submit Order Test -->
