<?xml version="1.0" encoding="UTF-8"?>
<!-- Generated by org.testng.reporters.JUnitXMLReporter -->
<testsuite ignored="2" hostname="Rushit-Patel" failures="0" tests="0" time="0.034" errors="0" timestamp="2024-04-16T16:12:18 MDT">
  <testcase classname="LearningNewSkills.Tests.ErrorValidationTest" name="ProductErrorValidations" time="0.0">
    <ignored/>
  </testcase> <!-- ProductErrorValidations -->
  <testcase classname="LearningNewSkills.Tests.ErrorValidationTest" name="LoginErrorValidations" time="0.0">
    <ignored/>
  </testcase> <!-- LoginErrorValidations -->
</testsuite>
