<?xml version="1.0" encoding="UTF-8"?>
<!-- Generated by org.testng.reporters.JUnitXMLReporter -->
<testsuite ignored="1" hostname="Rushit-Patel" failures="0" tests="2" name="Submit Order Test" time="28.491" errors="0" timestamp="2024-04-16T16:12:47 MDT">
  <testcase classname="LearningNewSkills.Tests.SubmitOrderTest" name="SubmitOrder" time="4.915"/>
  <testcase classname="LearningNewSkills.Tests.SubmitOrderTest" name="SubmitOrder" time="4.535"/>
  <testcase classname="LearningNewSkills.Tests.SubmitOrderTest" name="OrderHistoryTest" time="0.0">
    <ignored/>
  </testcase> <!-- OrderHistoryTest -->
</testsuite> <!-- Submit Order Test -->
